빌드 시작: 2014-09-23 오전 3:14:39
     1>2 노드의 "C:\Users\Johnny\Dropbox\Lecture\알고리즘\HW\11_goldbach\ConsoleApplication1\ConsoleApplication1\ConsoleApplication1.vcxproj" 프로젝트(Build 대상)입니다.
     1>ClCompile:
         C:\Program Files (x86)\Microsoft Visual Studio 11.0\VC\bin\CL.exe /c /ZI /nologo /W3 /WX- /Od /Oy- /D WIN32 /D _DEBUG /D _CONSOLE /D _UNICODE /D UNICODE /Gm /EHsc /RTC1 /MDd /GS /fp:precise /Zc:wchar_t /Zc:forScope /Fo"Debug\\" /Fd"Debug\vc110.pdb" /Gd /TC /analyze- /errorReport:prompt main.c
         main.c
     1>c:\users\johnny\dropbox\lecture\알고리즘\hw\11_goldbach\consoleapplication1\consoleapplication1\main.c(39): warning C4101: 'num' :참조되지 않은 지역 변수입니다.
     1>c:\users\johnny\dropbox\lecture\알고리즘\hw\11_goldbach\consoleapplication1\consoleapplication1\main.c(86): warning C4996: 'fopen': This function or variable may be unsafe. Consider using fopen_s instead. To disable deprecation, use _CRT_SECURE_NO_WARNINGS. See online help for details.
                 c:\program files (x86)\microsoft visual studio 11.0\vc\include\stdio.h(218) : 'fopen' 선언을 참조하십시오.
     1>c:\users\johnny\dropbox\lecture\알고리즘\hw\11_goldbach\consoleapplication1\consoleapplication1\main.c(89): warning C4996: 'fscanf': This function or variable may be unsafe. Consider using fscanf_s instead. To disable deprecation, use _CRT_SECURE_NO_WARNINGS. See online help for details.
                 c:\program files (x86)\microsoft visual studio 11.0\vc\include\stdio.h(237) : 'fscanf' 선언을 참조하십시오.
     1>c:\users\johnny\dropbox\lecture\알고리즘\hw\11_goldbach\consoleapplication1\consoleapplication1\main.c(94): warning C4047: '함수' : 'int *'의 간접 참조 수준이 'int (*)[169]'과(와) 다릅니다.
     1>c:\users\johnny\dropbox\lecture\알고리즘\hw\11_goldbach\consoleapplication1\consoleapplication1\main.c(94): warning C4024: 'mkPrimArr' : 형식 및 실제 매개 변수 1의 형식이 서로 다릅니다.
     1>c:\users\johnny\dropbox\lecture\알고리즘\hw\11_goldbach\consoleapplication1\consoleapplication1\main.c(113): warning C4996: 'fscanf': This function or variable may be unsafe. Consider using fscanf_s instead. To disable deprecation, use _CRT_SECURE_NO_WARNINGS. See online help for details.
                 c:\program files (x86)\microsoft visual studio 11.0\vc\include\stdio.h(237) : 'fscanf' 선언을 참조하십시오.
       Link:
         C:\Program Files (x86)\Microsoft Visual Studio 11.0\VC\bin\link.exe /ERRORREPORT:PROMPT /OUT:"C:\Users\Johnny\Dropbox\Lecture\알고리즘\HW\11_goldbach\ConsoleApplication1\Debug\ConsoleApplication1.exe" /INCREMENTAL /NOLOGO kernel32.lib user32.lib gdi32.lib winspool.lib comdlg32.lib advapi32.lib shell32.lib ole32.lib oleaut32.lib uuid.lib odbc32.lib odbccp32.lib /MANIFEST /MANIFESTUAC:"level='asInvoker' uiAccess='false'" /manifest:embed /DEBUG /PDB:"C:\Users\Johnny\Dropbox\Lecture\알고리즘\HW\11_goldbach\ConsoleApplication1\Debug\ConsoleApplication1.pdb" /SUBSYSTEM:CONSOLE /TLBID:1 /DYNAMICBASE /NXCOMPAT /IMPLIB:"C:\Users\Johnny\Dropbox\Lecture\알고리즘\HW\11_goldbach\ConsoleApplication1\Debug\ConsoleApplication1.lib" /MACHINE:X86 Debug\main.obj
         ConsoleApplication1.vcxproj -> C:\Users\Johnny\Dropbox\Lecture\알고리즘\HW\11_goldbach\ConsoleApplication1\Debug\ConsoleApplication1.exe
     1>"C:\Users\Johnny\Dropbox\Lecture\알고리즘\HW\11_goldbach\ConsoleApplication1\ConsoleApplication1\ConsoleApplication1.vcxproj" 프로젝트를 빌드했습니다(Build 대상).

빌드했습니다.

경과 시간: 00:00:02.74
